<?xml version="1.0" encoding="UTF-8"?>
<testng-results ignored="0" total="1" passed="1" failed="0" skipped="0">
  <reporter-output>
  </reporter-output>
  <suite started-at="2019-05-14T23:26:22Z" name="Default suite" finished-at="2019-05-14T23:27:07Z" duration-ms="45329">
    <groups>
    </groups>
    <test started-at="2019-05-14T23:26:22Z" name="Default test" finished-at="2019-05-14T23:27:07Z" duration-ms="45329">
      <class name="com.WWInternational.testCases.Test_001">
        <test-method is-config="true" signature="setup()[pri:0, instance:com.WWInternational.testCases.Test_001@10db82ae]" started-at="2019-05-14T23:26:22Z" name="setup" finished-at="2019-05-14T23:26:28Z" duration-ms="6552" status="PASS">
          <reporter-output>
          </reporter-output>
        </test-method> <!-- setup -->
        <test-method signature="verifyPage()[pri:0, instance:com.WWInternational.testCases.Test_001@10db82ae]" started-at="2019-05-14T23:26:28Z" name="verifyPage" finished-at="2019-05-14T23:27:05Z" duration-ms="36936" status="PASS">
          <reporter-output>
          </reporter-output>
        </test-method> <!-- verifyPage -->
        <test-method is-config="true" signature="tearDown()[pri:0, instance:com.WWInternational.testCases.Test_001@10db82ae]" started-at="2019-05-14T23:27:05Z" name="tearDown" finished-at="2019-05-14T23:27:07Z" duration-ms="1805" status="PASS">
          <reporter-output>
          </reporter-output>
        </test-method> <!-- tearDown -->
      </class> <!-- com.WWInternational.testCases.Test_001 -->
    </test> <!-- Default test -->
  </suite> <!-- Default suite -->
</testng-results>
